<?xml version="1.0" encoding="UTF-8"?>
<!-- Generated by org.testng.reporters.JUnitXMLReporter -->
<testsuite ignored="0" hostname="DESKTOP-D783K9I" failures="0" tests="2" name="Test-runner1" time="96.375" errors="0" timestamp="2023-04-16T08:24:29 IST">
  <testcase classname="vTiger.baseclass.practice.CreateContactWithBaseClass" name="abc" time="0.016"/>
  <testcase classname="vTiger.baseclass.practice.CreateContactWithBaseClass" name="createcontacttests" time="37.622"/>
</testsuite> <!-- Test-runner1 -->
