<?xml version="1.0" encoding="UTF-8"?>
<!-- Generated by org.testng.reporters.JUnitXMLReporter -->
<testsuite ignored="0" hostname="DESKTOP-D783K9I" failures="0" tests="4" name="Test-Runner-chrome" time="118.589" errors="0" timestamp="2023-04-16T18:48:51 IST">
  <testcase classname="vTiger.baseclass.practice.CreateOrganizationWithBaseclass" name="att" time="0.026"/>
  <testcase classname="vTiger.baseclass.practice.CreateOrganizationWithBaseclass" name="contactWithleadsource" time="0.003"/>
  <testcase classname="vTiger.baseclass.practice.CreateOrganizationWithBaseclass" name="contactwithchecklead" time="0.001"/>
  <testcase classname="vTiger.baseclass.practice.CreateOrganizationWithBaseclass" name="createorganizationtests" time="36.343"/>
</testsuite> <!-- Test-Runner-chrome -->
