<?xml version="1.0" encoding="UTF-8"?>
<!-- Generated by org.testng.reporters.JUnitReportReporter -->
<testsuite hostname="DESKTOP-D783K9I" failures="0" tests="2" name="vTiger.baseclass.practice.CreateContactWithBaseClass" time="58.221" errors="0" timestamp="2023-04-19T17:14:12 IST" skipped="0">
  <testcase classname="vTiger.baseclass.practice.CreateContactWithBaseClass" name="abc" time="17.849"/>
  <system-out/>
  <testcase classname="vTiger.baseclass.practice.CreateContactWithBaseClass" name="createcontacttests" time="40.372"/>
  <system-out/>
</testsuite> <!-- vTiger.baseclass.practice.CreateContactWithBaseClass -->
