<?xml version="1.0" encoding="UTF-8"?>
<!-- Generated by org.testng.reporters.JUnitReportReporter -->
<testsuite hostname="DESKTOP-D783K9I" failures="0" tests="3" name="testNG.Practice.DataProviderPracticeFlowers" time="0.029" errors="0" timestamp="2023-04-04T19:29:35 IST" skipped="0">
  <testcase classname="testNG.Practice.DataProviderPracticeFlowers" name="FlowerOrderTest" time="0.006"/>
  <system-out/>
  <testcase classname="testNG.Practice.DataProviderPracticeFlowers" name="FlowerOrderTest" time="0.016"/>
  <system-out/>
  <testcase classname="testNG.Practice.DataProviderPracticeFlowers" name="FlowerOrderTest" time="0.007"/>
  <system-out/>
</testsuite> <!-- testNG.Practice.DataProviderPracticeFlowers -->
