<?xml version="1.0" encoding="UTF-8"?>
<!-- Generated by org.testng.reporters.JUnitReportReporter -->
<testsuite hostname="DESKTOP-D783K9I" failures="0" tests="1" name="vTiger.baseclass.practice.CreateOrganization" time="29.773" errors="0" timestamp="2023-04-14T20:02:02 IST" skipped="0">
  <testcase classname="vTiger.baseclass.practice.CreateOrganization" name="createorganizationtests" time="29.773"/>
  <system-out/>
</testsuite> <!-- vTiger.baseclass.practice.CreateOrganization -->
