<?xml version="1.0" encoding="UTF-8"?>
<!-- Generated by org.testng.reporters.JUnitReportReporter -->
<testsuite hostname="DESKTOP-D783K9I" failures="0" tests="3" name="testNG.Practice.DataProviderPractice" time="0.029" errors="0" timestamp="2023-04-04T17:42:45 IST" skipped="0">
  <testcase classname="testNG.Practice.DataProviderPractice" name="addProductToCartTest" time="0.005"/>
  <system-out/>
  <testcase classname="testNG.Practice.DataProviderPractice" name="addProductToCartTest" time="0.019"/>
  <system-out/>
  <testcase classname="testNG.Practice.DataProviderPractice" name="addProductToCartTest" time="0.005"/>
  <system-out/>
</testsuite> <!-- testNG.Practice.DataProviderPractice -->
