<?xml version="1.0" encoding="UTF-8"?>
<!-- Generated by org.testng.reporters.JUnitReportReporter -->
<testsuite hostname="DESKTOP-D783K9I" failures="0" tests="1" name="vTiger.LisenersPractice.CreateOrganizationWithLisners" time="26.485" errors="0" timestamp="2023-04-18T17:52:19 IST" skipped="0">
  <testcase classname="vTiger.LisenersPractice.CreateOrganizationWithLisners" name="createorganizationtests" time="26.485"/>
  <system-out>
    <![CDATA[organization linked
click on lookup image..
create new organization...
organization header created..]]>
  </system-out>
</testsuite> <!-- vTiger.LisenersPractice.CreateOrganizationWithLisners -->
