<?xml version="1.0" encoding="UTF-8"?>
<!-- Generated by org.testng.reporters.JUnitReportReporter -->
<testsuite hostname="DESKTOP-D783K9I" failures="0" tests="4" name="testNG.Practice.TestNGpractice" time="0.037" errors="0" timestamp="2023-04-04T12:24:48 IST" skipped="1">
  <testcase classname="testNG.Practice.TestNGpractice" name="testNGstartTest" time="0.024"/>
  <system-out/>
  <testcase classname="testNG.Practice.TestNGpractice" name="testNGpracticeTest" time="0.009"/>
  <system-out/>
  <testcase classname="testNG.Practice.TestNGpractice" name="testNGpracticeTest" time="0.004"/>
  <system-out/>
  <testcase classname="testNG.Practice.TestNGpractice" name="testNGendTest">
    <skipped/>
  </testcase> <!-- testNGendTest -->
  <system-out/>
</testsuite> <!-- testNG.Practice.TestNGpractice -->
