<?xml version="1.0" encoding="UTF-8"?>
<!-- Generated by org.testng.reporters.JUnitReportReporter -->
<testsuite hostname="DESKTOP-D783K9I" failures="0" tests="5" name="testNG.Practice.CreateMultipleOrganizationwinIndusty" time="0.049" errors="0" timestamp="2023-04-14T19:00:32 IST" skipped="0">
  <testcase classname="testNG.Practice.CreateMultipleOrganizationwinIndusty" name="organizationWithIndustryTest" time="0.005"/>
  <system-out/>
  <testcase classname="testNG.Practice.CreateMultipleOrganizationwinIndusty" name="organizationWithIndustryTest" time="0.010"/>
  <system-out/>
  <testcase classname="testNG.Practice.CreateMultipleOrganizationwinIndusty" name="organizationWithIndustryTest" time="0.020"/>
  <system-out/>
  <testcase classname="testNG.Practice.CreateMultipleOrganizationwinIndusty" name="organizationWithIndustryTest" time="0.009"/>
  <system-out/>
  <testcase classname="testNG.Practice.CreateMultipleOrganizationwinIndusty" name="organizationWithIndustryTest" time="0.005"/>
  <system-out/>
</testsuite> <!-- testNG.Practice.CreateMultipleOrganizationwinIndusty -->
