<?xml version="1.0" encoding="UTF-8"?>
<!-- Generated by org.testng.reporters.JUnitReportReporter -->
<testsuite hostname="DESKTOP-D783K9I" failures="0" tests="1" name="vTiger.baseclass.practice.BaseClassPractice" time="0.021" errors="0" timestamp="2023-04-07T06:54:51 IST" skipped="0">
  <testcase classname="vTiger.baseclass.practice.BaseClassPractice" name="test1" time="0.021"/>
  <system-out/>
</testsuite> <!-- vTiger.baseclass.practice.BaseClassPractice -->
