<?xml version="1.0" encoding="UTF-8"?>
<!-- Generated by org.testng.reporters.JUnitReportReporter -->
<testsuite hostname="DESKTOP-D783K9I" failures="0" tests="4" name="vTiger.baseclass.practice.CreateDataFromCommandLineTest" time="0.047" errors="0" timestamp="2023-05-26T11:38:35 IST" skipped="0">
  <testcase classname="vTiger.baseclass.practice.CreateDataFromCommandLineTest" name="readData" time="0.007"/>
  <system-out/>
  <testcase classname="vTiger.baseclass.practice.CreateDataFromCommandLineTest" name="demo1" time="0.030"/>
  <system-out/>
  <testcase classname="vTiger.baseclass.practice.CreateDataFromCommandLineTest" name="demo3" time="0.005"/>
  <system-out/>
  <testcase classname="vTiger.baseclass.practice.CreateDataFromCommandLineTest" name="demo2" time="0.005"/>
  <system-out/>
</testsuite> <!-- vTiger.baseclass.practice.CreateDataFromCommandLineTest -->
