<?xml version="1.0" encoding="UTF-8"?>
<!-- Generated by org.testng.reporters.JUnitReportReporter -->
<testsuite hostname="DESKTOP-D783K9I" failures="0" tests="1" name="vTiger.baseclass.practice.CreateSampleForCMDTest" time="0.037" errors="0" timestamp="2023-04-20T18:19:43 IST" skipped="0">
  <testcase classname="vTiger.baseclass.practice.CreateSampleForCMDTest" name="demo" time="0.037"/>
  <system-out/>
</testsuite> <!-- vTiger.baseclass.practice.CreateSampleForCMDTest -->
