<?xml version="1.0" encoding="UTF-8"?>
<!-- Generated by org.testng.reporters.JUnitReportReporter -->
<testsuite hostname="DESKTOP-D783K9I" failures="0" tests="5" name="testNG.Practice.CreateOrgnizationsWithHelthcareTest" time="0.044" errors="0" timestamp="2023-04-05T09:29:15 IST" skipped="0">
  <testcase classname="testNG.Practice.CreateOrgnizationsWithHelthcareTest" name="orgWithHelthcare" time="0.006"/>
  <system-out/>
  <testcase classname="testNG.Practice.CreateOrgnizationsWithHelthcareTest" name="orgWithHelthcare" time="0.005"/>
  <system-out/>
  <testcase classname="testNG.Practice.CreateOrgnizationsWithHelthcareTest" name="orgWithHelthcare" time="0.018"/>
  <system-out/>
  <testcase classname="testNG.Practice.CreateOrgnizationsWithHelthcareTest" name="orgWithHelthcare" time="0.010"/>
  <system-out/>
  <testcase classname="testNG.Practice.CreateOrgnizationsWithHelthcareTest" name="orgWithHelthcare" time="0.005"/>
  <system-out/>
</testsuite> <!-- testNG.Practice.CreateOrgnizationsWithHelthcareTest -->
