<?xml version="1.0" encoding="UTF-8"?>
<!-- Generated by org.testng.reporters.JUnitReportReporter -->
<testsuite hostname="DESKTOP-D783K9I" failures="0" tests="1" name="vTiger.GenericLibrary.CreateContactTest" time="58.196" errors="0" timestamp="2023-04-14T20:31:57 IST" skipped="0">
  <testcase classname="vTiger.GenericLibrary.CreateContactTest" name="CreateContactT" time="58.196"/>
  <system-out/>
</testsuite> <!-- vTiger.GenericLibrary.CreateContactTest -->
